2015-05-31 21:57:46  INFO annotations.common.Version:66 - HCANN000001: Hibernate Commons Annotations {4.0.5.Final}
2015-05-31 21:57:46  INFO org.hibernate.Version:54 - HHH000412: Hibernate Core {4.3.9.Final}
2015-05-31 21:57:46  INFO hibernate.cfg.Environment:239 - HHH000206: hibernate.properties not found
2015-05-31 21:57:46  INFO hibernate.cfg.Environment:346 - HHH000021: Bytecode provider name : javassist
2015-05-31 21:57:46  INFO hibernate.cfg.Configuration:2075 - HHH000043: Configuring from resource: /hibernate.cfg.xml
2015-05-31 21:57:46  INFO hibernate.cfg.Configuration:2094 - HHH000040: Configuration resource: /hibernate.cfg.xml
2015-05-31 21:57:46  WARN util.xml.DTDEntityResolver:75 - HHH000223: Recognized obsolete hibernate namespace http://hibernate.sourceforge.net/. Use namespace http://www.hibernate.org/dtd/ instead. Refer to Hibernate 3.6 Migration Guide!
2015-05-31 21:57:46  INFO hibernate.cfg.Configuration:2216 - HHH000041: Configured SessionFactory: null
2015-05-31 21:57:46  WARN connections.internal.DriverManagerConnectionProviderImpl:93 - HHH000402: Using Hibernate built-in connection pool (not for production use!)
2015-05-31 21:57:46  INFO connections.internal.DriverManagerConnectionProviderImpl:166 - HHH000401: using driver [com.mysql.jdbc.Driver] at URL [jdbc:mysql://localhost:3306/mysitetest]
2015-05-31 21:57:46  INFO connections.internal.DriverManagerConnectionProviderImpl:175 - HHH000046: Connection properties: {user=root, password=****}
2015-05-31 21:57:46  INFO connections.internal.DriverManagerConnectionProviderImpl:180 - HHH000006: Autocommit mode: false
2015-05-31 21:57:46  INFO connections.internal.DriverManagerConnectionProviderImpl:102 - HHH000115: Hibernate connection pool size: 20 (min=1)
2015-05-31 21:57:47  INFO hibernate.dialect.Dialect:145 - HHH000400: Using dialect: org.hibernate.dialect.MySQLDialect
2015-05-31 21:57:47  INFO transaction.internal.TransactionFactoryInitiator:62 - HHH000399: Using default transaction strategy (direct JDBC transactions)
2015-05-31 21:57:47  INFO internal.ast.ASTQueryTranslatorFactory:47 - HHH000397: Using ASTQueryTranslatorFactory
2015-05-31 21:57:47  INFO tool.hbm2ddl.SchemaExport:344 - HHH000227: Running hbm2ddl schema export
2015-05-31 21:57:47  INFO tool.hbm2ddl.SchemaExport:406 - HHH000230: Schema export complete
2015-05-31 21:57:47  INFO notizieportale.dao.CommentaryDaoTest:93 - 
ID AFTER SAVE class by.leonovich.notizieportale.domain.News IS 1

2015-05-31 21:57:47  INFO notizieportale.dao.CommentaryDaoTest:109 - News object, what we get from database Test_Page_ID - test_title
2015-05-31 21:57:47  INFO notizieportale.dao.CommentaryDaoTest:117 - News object, what we get from database Test_Page_ID - test_title
2015-05-31 21:57:47  INFO notizieportale.dao.CommentaryDaoTest:128 - Saved object 5 - unique_page_id_for_update_method - test_title
2015-05-31 21:57:47  INFO notizieportale.dao.CommentaryDaoTest:129 - Updated object 5 - unique_page_id_for_update_method - test_title
2015-05-31 21:57:47  INFO notizieportale.dao.CategoryDaoTest:58 - Saved category VasiaLOh
2015-05-31 21:57:47  INFO notizieportale.dao.CategoryDaoTest:61 - Names of categories: category-actual-VasiaLOh, category-expected-VasiaLOh
2015-05-31 21:57:47  INFO notizieportale.dao.NewsDaoTest:90 - Saved news 10
2015-05-31 21:57:47  INFO notizieportale.dao.NewsDaoTest:93 - List of news by categoryId 1
2015-05-31 21:57:47  INFO notizieportale.dao.NewsDaoTest:79 - Saved news 11
2015-05-31 21:57:47  INFO notizieportale.dao.NewsDaoTest:82 - List of news by personId 1
2015-05-31 21:57:47  INFO notizieportale.dao.NewsDaoTest:101 - Saved news 12
2015-05-31 21:57:47  INFO notizieportale.dao.NewsDaoTest:104 - List of news by DATE 0, DATE in database Sun May 31 21:57:47 MSK 2015, DATE? what we get from database 2015-05-31
2015-05-31 21:57:47  INFO notizieportale.dao.NewsDaoTest:114 - Saved news 13
2015-05-31 21:57:47  INFO notizieportale.dao.NewsDaoTest:116 - News serched by pageId 13
2015-05-31 21:57:47  INFO notizieportale.dao.NewsDaoTest:68 - Saved Person  14
2015-05-31 21:57:47  INFO notizieportale.dao.NewsDaoTest:70 - Person email unique_email_test
2015-05-31 22:02:01  INFO annotations.common.Version:66 - HCANN000001: Hibernate Commons Annotations {4.0.5.Final}
2015-05-31 22:02:01  INFO org.hibernate.Version:54 - HHH000412: Hibernate Core {4.3.9.Final}
2015-05-31 22:02:01  INFO hibernate.cfg.Environment:239 - HHH000206: hibernate.properties not found
2015-05-31 22:02:01  INFO hibernate.cfg.Environment:346 - HHH000021: Bytecode provider name : javassist
2015-05-31 22:02:01  INFO hibernate.cfg.Configuration:2075 - HHH000043: Configuring from resource: /hibernate.cfg.xml
2015-05-31 22:02:01  INFO hibernate.cfg.Configuration:2094 - HHH000040: Configuration resource: /hibernate.cfg.xml
2015-05-31 22:02:01  WARN util.xml.DTDEntityResolver:75 - HHH000223: Recognized obsolete hibernate namespace http://hibernate.sourceforge.net/. Use namespace http://www.hibernate.org/dtd/ instead. Refer to Hibernate 3.6 Migration Guide!
2015-05-31 22:02:01  INFO hibernate.cfg.Configuration:2216 - HHH000041: Configured SessionFactory: null
2015-05-31 22:02:01  WARN connections.internal.DriverManagerConnectionProviderImpl:93 - HHH000402: Using Hibernate built-in connection pool (not for production use!)
2015-05-31 22:02:01  INFO connections.internal.DriverManagerConnectionProviderImpl:166 - HHH000401: using driver [com.mysql.jdbc.Driver] at URL [jdbc:mysql://localhost:3306/mysitetest]
2015-05-31 22:02:01  INFO connections.internal.DriverManagerConnectionProviderImpl:175 - HHH000046: Connection properties: {user=root, password=****}
2015-05-31 22:02:01  INFO connections.internal.DriverManagerConnectionProviderImpl:180 - HHH000006: Autocommit mode: false
2015-05-31 22:02:01  INFO connections.internal.DriverManagerConnectionProviderImpl:102 - HHH000115: Hibernate connection pool size: 20 (min=1)
2015-05-31 22:02:01  INFO hibernate.dialect.Dialect:145 - HHH000400: Using dialect: org.hibernate.dialect.MySQLDialect
2015-05-31 22:02:01  INFO transaction.internal.TransactionFactoryInitiator:62 - HHH000399: Using default transaction strategy (direct JDBC transactions)
2015-05-31 22:02:01  INFO internal.ast.ASTQueryTranslatorFactory:47 - HHH000397: Using ASTQueryTranslatorFactory
2015-05-31 22:02:02  INFO tool.hbm2ddl.SchemaExport:344 - HHH000227: Running hbm2ddl schema export
2015-05-31 22:02:02  INFO tool.hbm2ddl.SchemaExport:406 - HHH000230: Schema export complete
2015-05-31 22:02:02  INFO notizieportale.dao.CommentaryDaoTest:93 - 
ID AFTER SAVE class by.leonovich.notizieportale.domain.News IS 1

2015-05-31 22:02:02  INFO notizieportale.dao.CommentaryDaoTest:109 - News object, what we get from database Test_Page_ID - test_title
2015-05-31 22:02:02  INFO notizieportale.dao.CommentaryDaoTest:117 - News object, what we get from database Test_Page_ID - test_title
2015-05-31 22:02:02  INFO notizieportale.dao.CommentaryDaoTest:128 - Saved object 5 - unique_page_id_for_update_method - test_title
2015-05-31 22:02:02  INFO notizieportale.dao.CommentaryDaoTest:129 - Updated object 5 - unique_page_id_for_update_method - test_title
2015-05-31 22:02:02  INFO notizieportale.dao.CategoryDaoTest:58 - Saved category VasiaLOh
2015-05-31 22:02:02  INFO notizieportale.dao.CategoryDaoTest:61 - Names of categories: category-actual-VasiaLOh, category-expected-VasiaLOh
2015-05-31 22:02:02  INFO notizieportale.dao.NewsDaoTest:101 - Saved news 10
2015-05-31 22:02:02  INFO notizieportale.dao.NewsDaoTest:104 - List of news by DATE 0, DATE in database Sun May 31 22:02:02 MSK 2015, DATE? what we get from database 2015-05-31
2015-05-31 22:02:02  INFO notizieportale.dao.NewsDaoTest:114 - Saved news 11
2015-05-31 22:02:02  INFO notizieportale.dao.NewsDaoTest:116 - News serched by pageId 11
2015-05-31 22:02:02  INFO notizieportale.dao.NewsDaoTest:90 - Saved news 12
2015-05-31 22:02:02  INFO notizieportale.dao.NewsDaoTest:93 - List of news by categoryId 1
2015-05-31 22:02:02  INFO notizieportale.dao.NewsDaoTest:79 - Saved news 13
2015-05-31 22:02:02  INFO notizieportale.dao.NewsDaoTest:82 - List of news by personId 1
2015-05-31 22:02:02  INFO notizieportale.dao.NewsDaoTest:68 - Saved Person  14
2015-05-31 22:02:02  INFO notizieportale.dao.NewsDaoTest:70 - Person email unique_email_test
2015-05-31 22:05:30  INFO annotations.common.Version:66 - HCANN000001: Hibernate Commons Annotations {4.0.5.Final}
2015-05-31 22:05:30  INFO org.hibernate.Version:54 - HHH000412: Hibernate Core {4.3.9.Final}
2015-05-31 22:05:30  INFO hibernate.cfg.Environment:239 - HHH000206: hibernate.properties not found
2015-05-31 22:05:30  INFO hibernate.cfg.Environment:346 - HHH000021: Bytecode provider name : javassist
2015-05-31 22:05:30  INFO hibernate.cfg.Configuration:2075 - HHH000043: Configuring from resource: /hibernate.cfg.xml
2015-05-31 22:05:30  INFO hibernate.cfg.Configuration:2094 - HHH000040: Configuration resource: /hibernate.cfg.xml
2015-05-31 22:05:30  WARN util.xml.DTDEntityResolver:75 - HHH000223: Recognized obsolete hibernate namespace http://hibernate.sourceforge.net/. Use namespace http://www.hibernate.org/dtd/ instead. Refer to Hibernate 3.6 Migration Guide!
2015-05-31 22:05:30  INFO hibernate.cfg.Configuration:2216 - HHH000041: Configured SessionFactory: null
2015-05-31 22:05:30  WARN connections.internal.DriverManagerConnectionProviderImpl:93 - HHH000402: Using Hibernate built-in connection pool (not for production use!)
2015-05-31 22:05:30  INFO connections.internal.DriverManagerConnectionProviderImpl:166 - HHH000401: using driver [com.mysql.jdbc.Driver] at URL [jdbc:mysql://localhost:3306/mysitetest]
2015-05-31 22:05:30  INFO connections.internal.DriverManagerConnectionProviderImpl:175 - HHH000046: Connection properties: {user=root, password=****}
2015-05-31 22:05:30  INFO connections.internal.DriverManagerConnectionProviderImpl:180 - HHH000006: Autocommit mode: false
2015-05-31 22:05:30  INFO connections.internal.DriverManagerConnectionProviderImpl:102 - HHH000115: Hibernate connection pool size: 20 (min=1)
2015-05-31 22:05:31  INFO hibernate.dialect.Dialect:145 - HHH000400: Using dialect: org.hibernate.dialect.MySQLDialect
2015-05-31 22:05:31  INFO transaction.internal.TransactionFactoryInitiator:62 - HHH000399: Using default transaction strategy (direct JDBC transactions)
2015-05-31 22:05:31  INFO internal.ast.ASTQueryTranslatorFactory:47 - HHH000397: Using ASTQueryTranslatorFactory
2015-05-31 22:05:31  INFO tool.hbm2ddl.SchemaExport:344 - HHH000227: Running hbm2ddl schema export
2015-05-31 22:05:31  INFO tool.hbm2ddl.SchemaExport:406 - HHH000230: Schema export complete
2015-05-31 22:05:31  INFO notizieportale.dao.CommentaryDaoTest:93 - 
ID AFTER SAVE class by.leonovich.notizieportale.domain.News IS 1

2015-05-31 22:05:31  INFO notizieportale.dao.CommentaryDaoTest:109 - News object, what we get from database Test_Page_ID - test_title
2015-05-31 22:05:31  INFO notizieportale.dao.CommentaryDaoTest:117 - News object, what we get from database Test_Page_ID - test_title
2015-05-31 22:05:31  INFO notizieportale.dao.CommentaryDaoTest:128 - Saved object 5 - unique_page_id_for_update_method - test_title
2015-05-31 22:05:31  INFO notizieportale.dao.CommentaryDaoTest:129 - Updated object 5 - unique_page_id_for_update_method - test_title
2015-05-31 22:05:31  INFO notizieportale.dao.CategoryDaoTest:58 - Saved category VasiaLOh
2015-05-31 22:05:31  INFO notizieportale.dao.CategoryDaoTest:61 - Names of categories: category-actual-VasiaLOh, category-expected-VasiaLOh
2015-05-31 22:05:31  INFO notizieportale.dao.NewsDaoTest:90 - Saved news 10
2015-05-31 22:05:31  INFO notizieportale.dao.NewsDaoTest:93 - List of news by categoryId 1
2015-05-31 22:05:31  INFO notizieportale.dao.NewsDaoTest:101 - Saved news 11
2015-05-31 22:05:31  INFO notizieportale.dao.NewsDaoTest:104 - List of news by DATE 0, DATE in database Sun May 31 22:05:31 MSK 2015, DATE? what we get from database 2015-05-31
2015-05-31 22:05:31  INFO notizieportale.dao.NewsDaoTest:79 - Saved news 12
2015-05-31 22:05:31  INFO notizieportale.dao.NewsDaoTest:82 - List of news by personId 1
2015-05-31 22:05:31  INFO notizieportale.dao.NewsDaoTest:114 - Saved news 13
2015-05-31 22:05:31  INFO notizieportale.dao.NewsDaoTest:116 - News serched by pageId 13
2015-05-31 22:05:31  INFO notizieportale.dao.NewsDaoTest:68 - Saved Person  14
2015-05-31 22:05:31  INFO notizieportale.dao.NewsDaoTest:70 - Person email unique_email_test
2015-05-31 22:07:45  INFO annotations.common.Version:66 - HCANN000001: Hibernate Commons Annotations {4.0.5.Final}
2015-05-31 22:07:45  INFO org.hibernate.Version:54 - HHH000412: Hibernate Core {4.3.9.Final}
2015-05-31 22:07:45  INFO hibernate.cfg.Environment:239 - HHH000206: hibernate.properties not found
2015-05-31 22:07:45  INFO hibernate.cfg.Environment:346 - HHH000021: Bytecode provider name : javassist
2015-05-31 22:07:45  INFO hibernate.cfg.Configuration:2075 - HHH000043: Configuring from resource: /hibernate.cfg.xml
2015-05-31 22:07:45  INFO hibernate.cfg.Configuration:2094 - HHH000040: Configuration resource: /hibernate.cfg.xml
2015-05-31 22:07:45  WARN util.xml.DTDEntityResolver:75 - HHH000223: Recognized obsolete hibernate namespace http://hibernate.sourceforge.net/. Use namespace http://www.hibernate.org/dtd/ instead. Refer to Hibernate 3.6 Migration Guide!
2015-05-31 22:07:45  INFO hibernate.cfg.Configuration:2216 - HHH000041: Configured SessionFactory: null
2015-05-31 22:07:45  WARN connections.internal.DriverManagerConnectionProviderImpl:93 - HHH000402: Using Hibernate built-in connection pool (not for production use!)
2015-05-31 22:07:45  INFO connections.internal.DriverManagerConnectionProviderImpl:166 - HHH000401: using driver [com.mysql.jdbc.Driver] at URL [jdbc:mysql://localhost:3306/mysitetest]
2015-05-31 22:07:45  INFO connections.internal.DriverManagerConnectionProviderImpl:175 - HHH000046: Connection properties: {user=root, password=****}
2015-05-31 22:07:45  INFO connections.internal.DriverManagerConnectionProviderImpl:180 - HHH000006: Autocommit mode: false
2015-05-31 22:07:45  INFO connections.internal.DriverManagerConnectionProviderImpl:102 - HHH000115: Hibernate connection pool size: 20 (min=1)
2015-05-31 22:07:46  INFO hibernate.dialect.Dialect:145 - HHH000400: Using dialect: org.hibernate.dialect.MySQLDialect
2015-05-31 22:07:46  INFO transaction.internal.TransactionFactoryInitiator:62 - HHH000399: Using default transaction strategy (direct JDBC transactions)
2015-05-31 22:07:46  INFO internal.ast.ASTQueryTranslatorFactory:47 - HHH000397: Using ASTQueryTranslatorFactory
2015-05-31 22:07:46  INFO tool.hbm2ddl.SchemaExport:344 - HHH000227: Running hbm2ddl schema export
2015-05-31 22:07:46  INFO tool.hbm2ddl.SchemaExport:406 - HHH000230: Schema export complete
2015-05-31 22:07:46  INFO notizieportale.dao.CommentaryDaoTest:93 - 
ID AFTER SAVE class by.leonovich.notizieportale.domain.News IS 1

2015-05-31 22:07:46  INFO notizieportale.dao.CommentaryDaoTest:109 - News object, what we get from database Test_Page_ID - test_title
2015-05-31 22:07:46  INFO notizieportale.dao.CommentaryDaoTest:117 - News object, what we get from database Test_Page_ID - test_title
2015-05-31 22:07:46  INFO notizieportale.dao.CommentaryDaoTest:128 - Saved object 5 - unique_page_id_for_update_method - test_title
2015-05-31 22:07:46  INFO notizieportale.dao.CommentaryDaoTest:129 - Updated object 5 - unique_page_id_for_update_method - test_title
2015-05-31 22:07:46  INFO notizieportale.dao.CategoryDaoTest:58 - Saved category VasiaLOh
2015-05-31 22:07:46  INFO notizieportale.dao.CategoryDaoTest:61 - Names of categories: category-actual-VasiaLOh, category-expected-VasiaLOh
2015-05-31 22:07:46  INFO notizieportale.dao.NewsDaoTest:101 - Saved news 10
2015-05-31 22:07:46  INFO notizieportale.dao.NewsDaoTest:104 - List of news by DATE 0, DATE in database Sun May 31 22:07:46 MSK 2015, DATE? what we get from database 2015-05-31
2015-05-31 22:07:47  INFO notizieportale.dao.NewsDaoTest:79 - Saved news 11
2015-05-31 22:07:47  INFO notizieportale.dao.NewsDaoTest:82 - List of news by personId 1
2015-05-31 22:07:47  INFO notizieportale.dao.NewsDaoTest:90 - Saved news 12
2015-05-31 22:07:47  INFO notizieportale.dao.NewsDaoTest:93 - List of news by categoryId 1
2015-05-31 22:07:47  INFO notizieportale.dao.NewsDaoTest:114 - Saved news 13
2015-05-31 22:07:47  INFO notizieportale.dao.NewsDaoTest:116 - News serched by pageId 13
2015-05-31 22:07:47  INFO notizieportale.dao.NewsDaoTest:68 - Saved Person  14
2015-05-31 22:07:47  INFO notizieportale.dao.NewsDaoTest:70 - Person email unique_email_test
2015-05-31 22:09:27  INFO annotations.common.Version:66 - HCANN000001: Hibernate Commons Annotations {4.0.5.Final}
2015-05-31 22:09:27  INFO org.hibernate.Version:54 - HHH000412: Hibernate Core {4.3.9.Final}
2015-05-31 22:09:27  INFO hibernate.cfg.Environment:239 - HHH000206: hibernate.properties not found
2015-05-31 22:09:27  INFO hibernate.cfg.Environment:346 - HHH000021: Bytecode provider name : javassist
2015-05-31 22:09:27  INFO hibernate.cfg.Configuration:2075 - HHH000043: Configuring from resource: /hibernate.cfg.xml
2015-05-31 22:09:27  INFO hibernate.cfg.Configuration:2094 - HHH000040: Configuration resource: /hibernate.cfg.xml
2015-05-31 22:09:27  WARN util.xml.DTDEntityResolver:75 - HHH000223: Recognized obsolete hibernate namespace http://hibernate.sourceforge.net/. Use namespace http://www.hibernate.org/dtd/ instead. Refer to Hibernate 3.6 Migration Guide!
2015-05-31 22:09:27  INFO hibernate.cfg.Configuration:2216 - HHH000041: Configured SessionFactory: null
2015-05-31 22:09:27  WARN connections.internal.DriverManagerConnectionProviderImpl:93 - HHH000402: Using Hibernate built-in connection pool (not for production use!)
2015-05-31 22:09:27  INFO connections.internal.DriverManagerConnectionProviderImpl:166 - HHH000401: using driver [com.mysql.jdbc.Driver] at URL [jdbc:mysql://localhost:3306/mysitetest]
2015-05-31 22:09:27  INFO connections.internal.DriverManagerConnectionProviderImpl:175 - HHH000046: Connection properties: {user=root, password=****}
2015-05-31 22:09:27  INFO connections.internal.DriverManagerConnectionProviderImpl:180 - HHH000006: Autocommit mode: false
2015-05-31 22:09:27  INFO connections.internal.DriverManagerConnectionProviderImpl:102 - HHH000115: Hibernate connection pool size: 20 (min=1)
2015-05-31 22:09:27  INFO hibernate.dialect.Dialect:145 - HHH000400: Using dialect: org.hibernate.dialect.MySQLDialect
2015-05-31 22:09:27  INFO transaction.internal.TransactionFactoryInitiator:62 - HHH000399: Using default transaction strategy (direct JDBC transactions)
2015-05-31 22:09:27  INFO internal.ast.ASTQueryTranslatorFactory:47 - HHH000397: Using ASTQueryTranslatorFactory
2015-05-31 22:09:28  INFO tool.hbm2ddl.SchemaExport:344 - HHH000227: Running hbm2ddl schema export
2015-05-31 22:09:28  INFO tool.hbm2ddl.SchemaExport:406 - HHH000230: Schema export complete
2015-05-31 22:09:28  INFO notizieportale.dao.CommentaryDaoTest:93 - 
ID AFTER SAVE class by.leonovich.notizieportale.domain.News IS 1

2015-05-31 22:09:28  INFO notizieportale.dao.CommentaryDaoTest:109 - News object, what we get from database Test_Page_ID - test_title
2015-05-31 22:09:28  INFO notizieportale.dao.CommentaryDaoTest:117 - News object, what we get from database Test_Page_ID - test_title
2015-05-31 22:09:28  INFO notizieportale.dao.CommentaryDaoTest:128 - Saved object 5 - unique_page_id_for_update_method - test_title
2015-05-31 22:09:28  INFO notizieportale.dao.CommentaryDaoTest:129 - Updated object 5 - unique_page_id_for_update_method - test_title
2015-05-31 22:09:28  INFO notizieportale.dao.CategoryDaoTest:58 - Saved category VasiaLOh
2015-05-31 22:09:28  INFO notizieportale.dao.CategoryDaoTest:61 - Names of categories: category-actual-VasiaLOh, category-expected-VasiaLOh
2015-05-31 22:09:28  INFO notizieportale.dao.NewsDaoTest:101 - Saved news 10
2015-05-31 22:09:28  INFO notizieportale.dao.NewsDaoTest:104 - List of news by DATE 0, DATE in database Sun May 31 22:09:28 MSK 2015, DATE? what we get from database 2015-05-31
2015-05-31 22:09:28  INFO notizieportale.dao.NewsDaoTest:79 - Saved news 11
2015-05-31 22:09:28  INFO notizieportale.dao.NewsDaoTest:82 - List of news by personId 1
2015-05-31 22:09:28  INFO notizieportale.dao.NewsDaoTest:90 - Saved news 12
2015-05-31 22:09:28  INFO notizieportale.dao.NewsDaoTest:93 - List of news by categoryId 1
2015-05-31 22:09:28  INFO notizieportale.dao.NewsDaoTest:114 - Saved news 13
2015-05-31 22:09:28  INFO notizieportale.dao.NewsDaoTest:116 - News serched by pageId 13
2015-05-31 22:09:28  INFO notizieportale.dao.NewsDaoTest:68 - Saved Person  14
2015-05-31 22:09:28  INFO notizieportale.dao.NewsDaoTest:70 - Person email unique_email_test
2015-05-31 22:10:39  INFO annotations.common.Version:66 - HCANN000001: Hibernate Commons Annotations {4.0.5.Final}
2015-05-31 22:10:39  INFO org.hibernate.Version:54 - HHH000412: Hibernate Core {4.3.9.Final}
2015-05-31 22:10:39  INFO hibernate.cfg.Environment:239 - HHH000206: hibernate.properties not found
2015-05-31 22:10:39  INFO hibernate.cfg.Environment:346 - HHH000021: Bytecode provider name : javassist
2015-05-31 22:10:39  INFO hibernate.cfg.Configuration:2075 - HHH000043: Configuring from resource: /hibernate.cfg.xml
2015-05-31 22:10:39  INFO hibernate.cfg.Configuration:2094 - HHH000040: Configuration resource: /hibernate.cfg.xml
2015-05-31 22:10:39  WARN util.xml.DTDEntityResolver:75 - HHH000223: Recognized obsolete hibernate namespace http://hibernate.sourceforge.net/. Use namespace http://www.hibernate.org/dtd/ instead. Refer to Hibernate 3.6 Migration Guide!
2015-05-31 22:10:39  INFO hibernate.cfg.Configuration:2216 - HHH000041: Configured SessionFactory: null
2015-05-31 22:10:39  WARN connections.internal.DriverManagerConnectionProviderImpl:93 - HHH000402: Using Hibernate built-in connection pool (not for production use!)
2015-05-31 22:10:39  INFO connections.internal.DriverManagerConnectionProviderImpl:166 - HHH000401: using driver [com.mysql.jdbc.Driver] at URL [jdbc:mysql://localhost:3306/mysitetest]
2015-05-31 22:10:39  INFO connections.internal.DriverManagerConnectionProviderImpl:175 - HHH000046: Connection properties: {user=root, password=****}
2015-05-31 22:10:39  INFO connections.internal.DriverManagerConnectionProviderImpl:180 - HHH000006: Autocommit mode: false
2015-05-31 22:10:39  INFO connections.internal.DriverManagerConnectionProviderImpl:102 - HHH000115: Hibernate connection pool size: 20 (min=1)
2015-05-31 22:10:40  INFO hibernate.dialect.Dialect:145 - HHH000400: Using dialect: org.hibernate.dialect.MySQLDialect
2015-05-31 22:10:40  INFO transaction.internal.TransactionFactoryInitiator:62 - HHH000399: Using default transaction strategy (direct JDBC transactions)
2015-05-31 22:10:40  INFO internal.ast.ASTQueryTranslatorFactory:47 - HHH000397: Using ASTQueryTranslatorFactory
2015-05-31 22:10:40  INFO tool.hbm2ddl.SchemaExport:344 - HHH000227: Running hbm2ddl schema export
2015-05-31 22:10:40  INFO tool.hbm2ddl.SchemaExport:406 - HHH000230: Schema export complete
2015-05-31 22:10:40  INFO notizieportale.dao.CommentaryDaoTest:93 - 
ID AFTER SAVE class by.leonovich.notizieportale.domain.News IS 1

2015-05-31 22:10:40  INFO notizieportale.dao.CommentaryDaoTest:109 - News object, what we get from database Test_Page_ID - test_title
2015-05-31 22:10:40  INFO notizieportale.dao.CommentaryDaoTest:117 - News object, what we get from database Test_Page_ID - test_title
2015-05-31 22:10:40  INFO notizieportale.dao.CommentaryDaoTest:128 - Saved object 5 - unique_page_id_for_update_method - test_title
2015-05-31 22:10:40  INFO notizieportale.dao.CommentaryDaoTest:129 - Updated object 5 - unique_page_id_for_update_method - test_title
2015-05-31 22:10:41  INFO notizieportale.dao.CategoryDaoTest:58 - Saved category VasiaLOh
2015-05-31 22:10:41  INFO notizieportale.dao.CategoryDaoTest:61 - Names of categories: category-actual-VasiaLOh, category-expected-VasiaLOh
2015-05-31 22:10:41  INFO notizieportale.dao.NewsDaoTest:101 - Saved news 10
2015-05-31 22:10:41  INFO notizieportale.dao.NewsDaoTest:104 - List of news by DATE 0, DATE in database Sun May 31 22:10:40 MSK 2015, DATE? what we get from database 2015-05-31
2015-05-31 22:10:41  INFO notizieportale.dao.NewsDaoTest:79 - Saved news 11
2015-05-31 22:10:41  INFO notizieportale.dao.NewsDaoTest:82 - List of news by personId 1
2015-05-31 22:10:41  INFO notizieportale.dao.NewsDaoTest:90 - Saved news 12
2015-05-31 22:10:41  INFO notizieportale.dao.NewsDaoTest:93 - List of news by categoryId 1
2015-05-31 22:10:41  INFO notizieportale.dao.NewsDaoTest:114 - Saved news 13
2015-05-31 22:10:41  INFO notizieportale.dao.NewsDaoTest:116 - News serched by pageId 13
2015-05-31 22:10:41  INFO notizieportale.dao.NewsDaoTest:68 - Saved Person  14
2015-05-31 22:10:41  INFO notizieportale.dao.NewsDaoTest:70 - Person email unique_email_test
2015-05-31 22:22:15  INFO annotations.common.Version:66 - HCANN000001: Hibernate Commons Annotations {4.0.5.Final}
2015-05-31 22:22:15  INFO org.hibernate.Version:54 - HHH000412: Hibernate Core {4.3.9.Final}
2015-05-31 22:22:15  INFO hibernate.cfg.Environment:239 - HHH000206: hibernate.properties not found
2015-05-31 22:22:15  INFO hibernate.cfg.Environment:346 - HHH000021: Bytecode provider name : javassist
2015-05-31 22:22:15  INFO hibernate.cfg.Configuration:2075 - HHH000043: Configuring from resource: /hibernate.cfg.xml
2015-05-31 22:22:15  INFO hibernate.cfg.Configuration:2094 - HHH000040: Configuration resource: /hibernate.cfg.xml
2015-05-31 22:22:15  WARN util.xml.DTDEntityResolver:75 - HHH000223: Recognized obsolete hibernate namespace http://hibernate.sourceforge.net/. Use namespace http://www.hibernate.org/dtd/ instead. Refer to Hibernate 3.6 Migration Guide!
2015-05-31 22:22:15  INFO hibernate.cfg.Configuration:2216 - HHH000041: Configured SessionFactory: null
2015-05-31 22:22:15  WARN connections.internal.DriverManagerConnectionProviderImpl:93 - HHH000402: Using Hibernate built-in connection pool (not for production use!)
2015-05-31 22:22:15  INFO connections.internal.DriverManagerConnectionProviderImpl:166 - HHH000401: using driver [com.mysql.jdbc.Driver] at URL [jdbc:mysql://localhost:3306/mysitetest]
2015-05-31 22:22:15  INFO connections.internal.DriverManagerConnectionProviderImpl:175 - HHH000046: Connection properties: {user=root, password=****}
2015-05-31 22:22:15  INFO connections.internal.DriverManagerConnectionProviderImpl:180 - HHH000006: Autocommit mode: false
2015-05-31 22:22:15  INFO connections.internal.DriverManagerConnectionProviderImpl:102 - HHH000115: Hibernate connection pool size: 20 (min=1)
2015-05-31 22:22:16  INFO hibernate.dialect.Dialect:145 - HHH000400: Using dialect: org.hibernate.dialect.MySQLDialect
2015-05-31 22:22:16  INFO transaction.internal.TransactionFactoryInitiator:62 - HHH000399: Using default transaction strategy (direct JDBC transactions)
2015-05-31 22:22:16  INFO internal.ast.ASTQueryTranslatorFactory:47 - HHH000397: Using ASTQueryTranslatorFactory
2015-05-31 22:22:16  INFO tool.hbm2ddl.SchemaExport:344 - HHH000227: Running hbm2ddl schema export
2015-05-31 22:22:16  INFO tool.hbm2ddl.SchemaExport:406 - HHH000230: Schema export complete
2015-05-31 22:22:16  INFO notizieportale.dao.CommentaryDaoTest:93 - 
ID AFTER SAVE class by.leonovich.notizieportale.domain.News IS 1

2015-05-31 22:22:16  INFO notizieportale.dao.CommentaryDaoTest:109 - News object, what we get from database Test_Page_ID - test_title
2015-05-31 22:22:16  INFO notizieportale.dao.CommentaryDaoTest:117 - News object, what we get from database Test_Page_ID - test_title
2015-05-31 22:22:17  INFO notizieportale.dao.CommentaryDaoTest:128 - Saved object 5 - unique_page_id_for_update_method - test_title
2015-05-31 22:22:17  INFO notizieportale.dao.CommentaryDaoTest:129 - Updated object 5 - unique_page_id_for_update_method - test_title
2015-05-31 22:22:17  INFO notizieportale.dao.CategoryDaoTest:58 - Saved category VasiaLOh
2015-05-31 22:22:17  INFO notizieportale.dao.CategoryDaoTest:61 - Names of categories: category-actual-VasiaLOh, category-expected-VasiaLOh
2015-05-31 22:22:17  INFO notizieportale.dao.NewsDaoTest:90 - Saved news 10
2015-05-31 22:22:17  INFO notizieportale.dao.NewsDaoTest:93 - List of news by categoryId 1
2015-05-31 22:22:17  INFO notizieportale.dao.NewsDaoTest:79 - Saved news 11
2015-05-31 22:22:17  INFO notizieportale.dao.NewsDaoTest:82 - List of news by personId 1
2015-05-31 22:22:17  INFO notizieportale.dao.NewsDaoTest:101 - Saved news 12
2015-05-31 22:22:17  INFO notizieportale.dao.NewsDaoTest:104 - List of news by DATE 0, DATE in database Sun May 31 22:22:16 MSK 2015, DATE? what we get from database 2015-05-31
2015-05-31 22:22:17  INFO notizieportale.dao.NewsDaoTest:114 - Saved news 13
2015-05-31 22:22:17  INFO notizieportale.dao.NewsDaoTest:116 - News serched by pageId 13
2015-05-31 22:22:17  INFO notizieportale.dao.NewsDaoTest:68 - Saved Person  14
2015-05-31 22:22:17  INFO notizieportale.dao.NewsDaoTest:70 - Person email unique_email_test
2015-05-31 22:48:37  INFO annotations.common.Version:66 - HCANN000001: Hibernate Commons Annotations {4.0.5.Final}
2015-05-31 22:48:37  INFO org.hibernate.Version:54 - HHH000412: Hibernate Core {4.3.9.Final}
2015-05-31 22:48:37  INFO hibernate.cfg.Environment:239 - HHH000206: hibernate.properties not found
2015-05-31 22:48:37  INFO hibernate.cfg.Environment:346 - HHH000021: Bytecode provider name : javassist
2015-05-31 22:48:37  INFO hibernate.cfg.Configuration:2075 - HHH000043: Configuring from resource: /hibernate.cfg.xml
2015-05-31 22:48:37  INFO hibernate.cfg.Configuration:2094 - HHH000040: Configuration resource: /hibernate.cfg.xml
2015-05-31 22:48:37  WARN util.xml.DTDEntityResolver:75 - HHH000223: Recognized obsolete hibernate namespace http://hibernate.sourceforge.net/. Use namespace http://www.hibernate.org/dtd/ instead. Refer to Hibernate 3.6 Migration Guide!
2015-05-31 22:48:37  INFO hibernate.cfg.Configuration:2216 - HHH000041: Configured SessionFactory: null
2015-05-31 22:48:37  WARN connections.internal.DriverManagerConnectionProviderImpl:93 - HHH000402: Using Hibernate built-in connection pool (not for production use!)
2015-05-31 22:48:37  INFO connections.internal.DriverManagerConnectionProviderImpl:166 - HHH000401: using driver [com.mysql.jdbc.Driver] at URL [jdbc:mysql://localhost:3306/mysitetest]
2015-05-31 22:48:37  INFO connections.internal.DriverManagerConnectionProviderImpl:175 - HHH000046: Connection properties: {user=root, password=****}
2015-05-31 22:48:37  INFO connections.internal.DriverManagerConnectionProviderImpl:180 - HHH000006: Autocommit mode: false
2015-05-31 22:48:37  INFO connections.internal.DriverManagerConnectionProviderImpl:102 - HHH000115: Hibernate connection pool size: 20 (min=1)
2015-05-31 22:48:37  INFO hibernate.dialect.Dialect:145 - HHH000400: Using dialect: org.hibernate.dialect.MySQLDialect
2015-05-31 22:48:38  INFO transaction.internal.TransactionFactoryInitiator:62 - HHH000399: Using default transaction strategy (direct JDBC transactions)
2015-05-31 22:48:38  INFO internal.ast.ASTQueryTranslatorFactory:47 - HHH000397: Using ASTQueryTranslatorFactory
2015-05-31 22:48:38  INFO tool.hbm2ddl.SchemaExport:344 - HHH000227: Running hbm2ddl schema export
2015-05-31 22:48:38  INFO tool.hbm2ddl.SchemaExport:406 - HHH000230: Schema export complete
2015-05-31 22:48:38  INFO notizieportale.dao.CommentaryDaoTest:93 - 
ID AFTER SAVE class by.leonovich.notizieportale.domain.News IS 1

2015-05-31 22:48:38  INFO notizieportale.dao.CommentaryDaoTest:109 - News object, what we get from database Test_Page_ID - test_title
2015-05-31 22:48:38  INFO notizieportale.dao.CommentaryDaoTest:117 - News object, what we get from database Test_Page_ID - test_title
2015-05-31 22:48:38  INFO notizieportale.dao.CommentaryDaoTest:128 - Saved object 5 - unique_page_id_for_update_method - test_title
2015-05-31 22:48:38  INFO notizieportale.dao.CommentaryDaoTest:129 - Updated object 5 - unique_page_id_for_update_method - test_title
2015-05-31 22:48:38  INFO notizieportale.dao.CategoryDaoTest:58 - Saved category VasiaLOh
2015-05-31 22:48:38  INFO notizieportale.dao.CategoryDaoTest:61 - Names of categories: category-actual-VasiaLOh, category-expected-VasiaLOh
2015-05-31 22:48:38  INFO notizieportale.dao.NewsDaoTest:90 - Saved news 10
2015-05-31 22:48:38  INFO notizieportale.dao.NewsDaoTest:93 - List of news by categoryId 1
2015-05-31 22:48:38  INFO notizieportale.dao.NewsDaoTest:101 - Saved news 11
2015-05-31 22:48:38  INFO notizieportale.dao.NewsDaoTest:104 - List of news by DATE 0, DATE in database Sun May 31 22:48:38 MSK 2015, DATE? what we get from database 2015-05-31
2015-05-31 22:48:38  INFO notizieportale.dao.NewsDaoTest:79 - Saved news 12
2015-05-31 22:48:38  INFO notizieportale.dao.NewsDaoTest:82 - List of news by personId 1
2015-05-31 22:48:38  INFO notizieportale.dao.NewsDaoTest:114 - Saved news 13
2015-05-31 22:48:38  INFO notizieportale.dao.NewsDaoTest:116 - News serched by pageId 13
2015-05-31 22:48:38  INFO notizieportale.dao.NewsDaoTest:68 - Saved Person  14
2015-05-31 22:48:38  INFO notizieportale.dao.NewsDaoTest:70 - Person email unique_email_test
2015-05-31 22:50:47  INFO annotations.common.Version:66 - HCANN000001: Hibernate Commons Annotations {4.0.5.Final}
2015-05-31 22:50:47  INFO org.hibernate.Version:54 - HHH000412: Hibernate Core {4.3.9.Final}
2015-05-31 22:50:47  INFO hibernate.cfg.Environment:239 - HHH000206: hibernate.properties not found
2015-05-31 22:50:47  INFO hibernate.cfg.Environment:346 - HHH000021: Bytecode provider name : javassist
2015-05-31 22:50:47  INFO hibernate.cfg.Configuration:2075 - HHH000043: Configuring from resource: /hibernate.cfg.xml
2015-05-31 22:50:47  INFO hibernate.cfg.Configuration:2094 - HHH000040: Configuration resource: /hibernate.cfg.xml
2015-05-31 22:50:47  WARN util.xml.DTDEntityResolver:75 - HHH000223: Recognized obsolete hibernate namespace http://hibernate.sourceforge.net/. Use namespace http://www.hibernate.org/dtd/ instead. Refer to Hibernate 3.6 Migration Guide!
2015-05-31 22:50:47  INFO hibernate.cfg.Configuration:2216 - HHH000041: Configured SessionFactory: null
2015-05-31 22:50:47  WARN connections.internal.DriverManagerConnectionProviderImpl:93 - HHH000402: Using Hibernate built-in connection pool (not for production use!)
2015-05-31 22:50:47  INFO connections.internal.DriverManagerConnectionProviderImpl:166 - HHH000401: using driver [com.mysql.jdbc.Driver] at URL [jdbc:mysql://localhost:3306/mysitetest]
2015-05-31 22:50:47  INFO connections.internal.DriverManagerConnectionProviderImpl:175 - HHH000046: Connection properties: {user=root, password=****}
2015-05-31 22:50:47  INFO connections.internal.DriverManagerConnectionProviderImpl:180 - HHH000006: Autocommit mode: false
2015-05-31 22:50:47  INFO connections.internal.DriverManagerConnectionProviderImpl:102 - HHH000115: Hibernate connection pool size: 20 (min=1)
2015-05-31 22:50:47  INFO hibernate.dialect.Dialect:145 - HHH000400: Using dialect: org.hibernate.dialect.MySQLDialect
2015-05-31 22:50:47  INFO transaction.internal.TransactionFactoryInitiator:62 - HHH000399: Using default transaction strategy (direct JDBC transactions)
2015-05-31 22:50:47  INFO internal.ast.ASTQueryTranslatorFactory:47 - HHH000397: Using ASTQueryTranslatorFactory
2015-05-31 22:50:48  INFO tool.hbm2ddl.SchemaExport:344 - HHH000227: Running hbm2ddl schema export
2015-05-31 22:50:48  INFO tool.hbm2ddl.SchemaExport:406 - HHH000230: Schema export complete
2015-05-31 22:50:48  INFO notizieportale.dao.CommentaryDaoTest:96 - 
ID AFTER SAVE class by.leonovich.notizieportale.domain.News IS 1

2015-05-31 22:50:48  INFO notizieportale.dao.CommentaryDaoTest:112 - News object, what we get from database Test_Page_ID - test_title
2015-05-31 22:50:48  INFO notizieportale.dao.CommentaryDaoTest:120 - News object, what we get from database Test_Page_ID - test_title
2015-05-31 22:50:48  INFO notizieportale.dao.CommentaryDaoTest:131 - Saved object 5 - unique_page_id_for_update_method - test_title
2015-05-31 22:50:48  INFO notizieportale.dao.CommentaryDaoTest:132 - Updated object 5 - unique_page_id_for_update_method - test_title
2015-05-31 22:50:48  INFO notizieportale.dao.CategoryDaoTest:58 - Saved category VasiaLOh
2015-05-31 22:50:48  INFO notizieportale.dao.CategoryDaoTest:61 - Names of categories: category-actual-VasiaLOh, category-expected-VasiaLOh
2015-05-31 22:50:48  INFO notizieportale.dao.NewsDaoTest:101 - Saved news 10
2015-05-31 22:50:48  INFO notizieportale.dao.NewsDaoTest:104 - List of news by DATE 0, DATE in database Sun May 31 22:50:48 MSK 2015, DATE? what we get from database 2015-05-31
2015-05-31 22:50:48  INFO notizieportale.dao.NewsDaoTest:79 - Saved news 11
2015-05-31 22:50:48  INFO notizieportale.dao.NewsDaoTest:82 - List of news by personId 1
2015-05-31 22:50:48  INFO notizieportale.dao.NewsDaoTest:90 - Saved news 12
2015-05-31 22:50:48  INFO notizieportale.dao.NewsDaoTest:93 - List of news by categoryId 1
2015-05-31 22:50:48  INFO notizieportale.dao.NewsDaoTest:114 - Saved news 13
2015-05-31 22:50:48  INFO notizieportale.dao.NewsDaoTest:116 - News serched by pageId 13
2015-05-31 22:50:48  INFO notizieportale.dao.NewsDaoTest:68 - Saved Person  14
2015-05-31 22:50:48  INFO notizieportale.dao.NewsDaoTest:70 - Person email unique_email_test
2015-05-31 23:00:01  INFO annotations.common.Version:66 - HCANN000001: Hibernate Commons Annotations {4.0.5.Final}
2015-05-31 23:00:01  INFO org.hibernate.Version:54 - HHH000412: Hibernate Core {4.3.9.Final}
2015-05-31 23:00:01  INFO hibernate.cfg.Environment:239 - HHH000206: hibernate.properties not found
2015-05-31 23:00:01  INFO hibernate.cfg.Environment:346 - HHH000021: Bytecode provider name : javassist
2015-05-31 23:00:01  INFO hibernate.cfg.Configuration:2075 - HHH000043: Configuring from resource: /hibernate.cfg.xml
2015-05-31 23:00:01  INFO hibernate.cfg.Configuration:2094 - HHH000040: Configuration resource: /hibernate.cfg.xml
2015-05-31 23:00:01  WARN util.xml.DTDEntityResolver:75 - HHH000223: Recognized obsolete hibernate namespace http://hibernate.sourceforge.net/. Use namespace http://www.hibernate.org/dtd/ instead. Refer to Hibernate 3.6 Migration Guide!
2015-05-31 23:00:01  INFO hibernate.cfg.Configuration:2216 - HHH000041: Configured SessionFactory: null
2015-05-31 23:00:01  WARN connections.internal.DriverManagerConnectionProviderImpl:93 - HHH000402: Using Hibernate built-in connection pool (not for production use!)
2015-05-31 23:00:01  INFO connections.internal.DriverManagerConnectionProviderImpl:166 - HHH000401: using driver [com.mysql.jdbc.Driver] at URL [jdbc:mysql://localhost:3306/mysitetest]
2015-05-31 23:00:01  INFO connections.internal.DriverManagerConnectionProviderImpl:175 - HHH000046: Connection properties: {user=root, password=****}
2015-05-31 23:00:01  INFO connections.internal.DriverManagerConnectionProviderImpl:180 - HHH000006: Autocommit mode: false
2015-05-31 23:00:01  INFO connections.internal.DriverManagerConnectionProviderImpl:102 - HHH000115: Hibernate connection pool size: 20 (min=1)
2015-05-31 23:00:02  INFO hibernate.dialect.Dialect:145 - HHH000400: Using dialect: org.hibernate.dialect.MySQLDialect
2015-05-31 23:00:02  INFO transaction.internal.TransactionFactoryInitiator:62 - HHH000399: Using default transaction strategy (direct JDBC transactions)
2015-05-31 23:00:02  INFO internal.ast.ASTQueryTranslatorFactory:47 - HHH000397: Using ASTQueryTranslatorFactory
2015-05-31 23:00:02  INFO tool.hbm2ddl.SchemaExport:344 - HHH000227: Running hbm2ddl schema export
2015-05-31 23:00:02  INFO tool.hbm2ddl.SchemaExport:406 - HHH000230: Schema export complete
2015-05-31 23:00:02  INFO notizieportale.dao.CommentaryDaoTest:96 - 
ID AFTER SAVE class by.leonovich.notizieportale.domain.News IS 1

2015-05-31 23:00:02  INFO notizieportale.dao.CommentaryDaoTest:112 - News object, what we get from database Test_Page_ID - test_title
2015-05-31 23:00:02  INFO notizieportale.dao.CommentaryDaoTest:120 - News object, what we get from database Test_Page_ID - test_title
2015-05-31 23:00:02  INFO notizieportale.dao.CommentaryDaoTest:131 - Saved object 5 - unique_page_id_for_update_method - test_title
2015-05-31 23:00:02  INFO notizieportale.dao.CommentaryDaoTest:132 - Updated object 5 - unique_page_id_for_update_method - test_title
2015-05-31 23:00:02  INFO notizieportale.dao.CategoryDaoTest:58 - Saved category VasiaLOh
2015-05-31 23:00:02  INFO notizieportale.dao.CategoryDaoTest:61 - Names of categories: category-actual-VasiaLOh, category-expected-VasiaLOh
2015-05-31 23:00:02  INFO notizieportale.dao.NewsDaoTest:101 - Saved news 10
2015-05-31 23:00:02  INFO notizieportale.dao.NewsDaoTest:104 - List of news by DATE 0, DATE in database Sun May 31 23:00:02 MSK 2015, DATE? what we get from database 2015-05-31
2015-05-31 23:00:02  INFO notizieportale.dao.NewsDaoTest:79 - Saved news 11
2015-05-31 23:00:02  INFO notizieportale.dao.NewsDaoTest:82 - List of news by personId 1
2015-05-31 23:00:02  INFO notizieportale.dao.NewsDaoTest:90 - Saved news 12
2015-05-31 23:00:02  INFO notizieportale.dao.NewsDaoTest:93 - List of news by categoryId 1
2015-05-31 23:00:02  INFO notizieportale.dao.NewsDaoTest:114 - Saved news 13
2015-05-31 23:00:02  INFO notizieportale.dao.NewsDaoTest:116 - News serched by pageId 13
2015-05-31 23:00:02  INFO notizieportale.dao.NewsDaoTest:68 - Saved Person  14
2015-05-31 23:00:02  INFO notizieportale.dao.NewsDaoTest:70 - Person email unique_email_test
2015-05-31 23:07:29  INFO annotations.common.Version:66 - HCANN000001: Hibernate Commons Annotations {4.0.5.Final}
2015-05-31 23:07:29  INFO org.hibernate.Version:54 - HHH000412: Hibernate Core {4.3.9.Final}
2015-05-31 23:07:29  INFO hibernate.cfg.Environment:239 - HHH000206: hibernate.properties not found
2015-05-31 23:07:29  INFO hibernate.cfg.Environment:346 - HHH000021: Bytecode provider name : javassist
2015-05-31 23:07:29  INFO hibernate.cfg.Configuration:2075 - HHH000043: Configuring from resource: /hibernate.cfg.xml
2015-05-31 23:07:29  INFO hibernate.cfg.Configuration:2094 - HHH000040: Configuration resource: /hibernate.cfg.xml
2015-05-31 23:07:29  WARN util.xml.DTDEntityResolver:75 - HHH000223: Recognized obsolete hibernate namespace http://hibernate.sourceforge.net/. Use namespace http://www.hibernate.org/dtd/ instead. Refer to Hibernate 3.6 Migration Guide!
2015-05-31 23:07:29  INFO hibernate.cfg.Configuration:2216 - HHH000041: Configured SessionFactory: null
2015-05-31 23:07:30  WARN connections.internal.DriverManagerConnectionProviderImpl:93 - HHH000402: Using Hibernate built-in connection pool (not for production use!)
2015-05-31 23:07:30  INFO connections.internal.DriverManagerConnectionProviderImpl:166 - HHH000401: using driver [com.mysql.jdbc.Driver] at URL [jdbc:mysql://localhost:3306/mysitetest]
2015-05-31 23:07:30  INFO connections.internal.DriverManagerConnectionProviderImpl:175 - HHH000046: Connection properties: {user=root, password=****}
2015-05-31 23:07:30  INFO connections.internal.DriverManagerConnectionProviderImpl:180 - HHH000006: Autocommit mode: false
2015-05-31 23:07:30  INFO connections.internal.DriverManagerConnectionProviderImpl:102 - HHH000115: Hibernate connection pool size: 20 (min=1)
2015-05-31 23:07:30  INFO hibernate.dialect.Dialect:145 - HHH000400: Using dialect: org.hibernate.dialect.MySQLDialect
2015-05-31 23:07:30  INFO transaction.internal.TransactionFactoryInitiator:62 - HHH000399: Using default transaction strategy (direct JDBC transactions)
2015-05-31 23:07:30  INFO internal.ast.ASTQueryTranslatorFactory:47 - HHH000397: Using ASTQueryTranslatorFactory
2015-05-31 23:07:30  INFO tool.hbm2ddl.SchemaExport:344 - HHH000227: Running hbm2ddl schema export
2015-05-31 23:07:30  INFO tool.hbm2ddl.SchemaExport:406 - HHH000230: Schema export complete
2015-05-31 23:07:30  INFO notizieportale.dao.CommentaryDaoTest:96 - 
ID AFTER SAVE class by.leonovich.notizieportale.domain.News IS 1

2015-05-31 23:07:30  INFO notizieportale.dao.CommentaryDaoTest:112 - News object, what we get from database Test_Page_ID - test_title
2015-05-31 23:07:30  INFO notizieportale.dao.CommentaryDaoTest:120 - News object, what we get from database Test_Page_ID - test_title
2015-05-31 23:07:31  INFO notizieportale.dao.CommentaryDaoTest:131 - Saved object 5 - unique_page_id_for_update_method - test_title
2015-05-31 23:07:31  INFO notizieportale.dao.CommentaryDaoTest:132 - Updated object 5 - unique_page_id_for_update_method - test_title
2015-05-31 23:07:31  INFO notizieportale.dao.CategoryDaoTest:58 - Saved category VasiaLOh
2015-05-31 23:07:31  INFO notizieportale.dao.CategoryDaoTest:61 - Names of categories: category-actual-VasiaLOh, category-expected-VasiaLOh
2015-05-31 23:07:31  INFO notizieportale.dao.NewsDaoTest:90 - Saved news 10
2015-05-31 23:07:31  INFO notizieportale.dao.NewsDaoTest:93 - List of news by categoryId 1
2015-05-31 23:07:31  INFO notizieportale.dao.NewsDaoTest:79 - Saved news 11
2015-05-31 23:07:31  INFO notizieportale.dao.NewsDaoTest:82 - List of news by personId 1
2015-05-31 23:07:31  INFO notizieportale.dao.NewsDaoTest:101 - Saved news 12
2015-05-31 23:07:31  INFO notizieportale.dao.NewsDaoTest:104 - List of news by DATE 0, DATE in database Sun May 31 23:07:30 MSK 2015, DATE? what we get from database 2015-05-31
2015-05-31 23:07:31  INFO notizieportale.dao.NewsDaoTest:114 - Saved news 13
2015-05-31 23:07:31  INFO notizieportale.dao.NewsDaoTest:116 - News serched by pageId 13
2015-05-31 23:07:31  INFO notizieportale.dao.NewsDaoTest:68 - Saved Person  14
2015-05-31 23:07:31  INFO notizieportale.dao.NewsDaoTest:70 - Person email unique_email_test
2015-05-31 23:09:30  INFO annotations.common.Version:66 - HCANN000001: Hibernate Commons Annotations {4.0.5.Final}
2015-05-31 23:09:30  INFO org.hibernate.Version:54 - HHH000412: Hibernate Core {4.3.9.Final}
2015-05-31 23:09:30  INFO hibernate.cfg.Environment:239 - HHH000206: hibernate.properties not found
2015-05-31 23:09:30  INFO hibernate.cfg.Environment:346 - HHH000021: Bytecode provider name : javassist
2015-05-31 23:09:30  INFO hibernate.cfg.Configuration:2075 - HHH000043: Configuring from resource: /hibernate.cfg.xml
2015-05-31 23:09:30  INFO hibernate.cfg.Configuration:2094 - HHH000040: Configuration resource: /hibernate.cfg.xml
2015-05-31 23:09:30  WARN util.xml.DTDEntityResolver:75 - HHH000223: Recognized obsolete hibernate namespace http://hibernate.sourceforge.net/. Use namespace http://www.hibernate.org/dtd/ instead. Refer to Hibernate 3.6 Migration Guide!
2015-05-31 23:09:30  INFO hibernate.cfg.Configuration:2216 - HHH000041: Configured SessionFactory: null
2015-05-31 23:09:31  WARN connections.internal.DriverManagerConnectionProviderImpl:93 - HHH000402: Using Hibernate built-in connection pool (not for production use!)
2015-05-31 23:09:31  INFO connections.internal.DriverManagerConnectionProviderImpl:166 - HHH000401: using driver [com.mysql.jdbc.Driver] at URL [jdbc:mysql://localhost:3306/mysitetest]
2015-05-31 23:09:31  INFO connections.internal.DriverManagerConnectionProviderImpl:175 - HHH000046: Connection properties: {user=root, password=****}
2015-05-31 23:09:31  INFO connections.internal.DriverManagerConnectionProviderImpl:180 - HHH000006: Autocommit mode: false
2015-05-31 23:09:31  INFO connections.internal.DriverManagerConnectionProviderImpl:102 - HHH000115: Hibernate connection pool size: 20 (min=1)
2015-05-31 23:09:31  INFO hibernate.dialect.Dialect:145 - HHH000400: Using dialect: org.hibernate.dialect.MySQLDialect
2015-05-31 23:09:31  INFO transaction.internal.TransactionFactoryInitiator:62 - HHH000399: Using default transaction strategy (direct JDBC transactions)
2015-05-31 23:09:31  INFO internal.ast.ASTQueryTranslatorFactory:47 - HHH000397: Using ASTQueryTranslatorFactory
2015-05-31 23:09:31  INFO tool.hbm2ddl.SchemaExport:344 - HHH000227: Running hbm2ddl schema export
2015-05-31 23:09:31  INFO tool.hbm2ddl.SchemaExport:406 - HHH000230: Schema export complete
2015-05-31 23:09:31  INFO notizieportale.dao.CommentaryDaoTest:96 - 
ID AFTER SAVE class by.leonovich.notizieportale.domain.News IS 1

2015-05-31 23:09:31  INFO notizieportale.dao.CommentaryDaoTest:112 - News object, what we get from database Test_Page_ID - test_title
2015-05-31 23:09:31  INFO notizieportale.dao.CommentaryDaoTest:120 - News object, what we get from database Test_Page_ID - test_title
2015-05-31 23:09:32  INFO notizieportale.dao.CommentaryDaoTest:131 - Saved object 5 - unique_page_id_for_update_method - test_title
2015-05-31 23:09:32  INFO notizieportale.dao.CommentaryDaoTest:132 - Updated object 5 - unique_page_id_for_update_method - test_title
2015-05-31 23:09:32  INFO notizieportale.dao.CategoryDaoTest:58 - Saved category VasiaLOh
2015-05-31 23:09:32  INFO notizieportale.dao.CategoryDaoTest:61 - Names of categories: category-actual-VasiaLOh, category-expected-VasiaLOh
2015-05-31 23:09:32  INFO notizieportale.dao.NewsDaoTest:90 - Saved news 10
2015-05-31 23:09:32  INFO notizieportale.dao.NewsDaoTest:93 - List of news by categoryId 1
2015-05-31 23:09:32  INFO notizieportale.dao.NewsDaoTest:79 - Saved news 11
2015-05-31 23:09:32  INFO notizieportale.dao.NewsDaoTest:82 - List of news by personId 1
2015-05-31 23:09:32  INFO notizieportale.dao.NewsDaoTest:101 - Saved news 12
2015-05-31 23:09:32  INFO notizieportale.dao.NewsDaoTest:104 - List of news by DATE 0, DATE in database Sun May 31 23:09:31 MSK 2015, DATE? what we get from database 2015-05-31
2015-05-31 23:09:32  INFO notizieportale.dao.NewsDaoTest:114 - Saved news 13
2015-05-31 23:09:32  INFO notizieportale.dao.NewsDaoTest:116 - News serched by pageId 13
2015-05-31 23:09:32  INFO notizieportale.dao.NewsDaoTest:68 - Saved Person  14
2015-05-31 23:09:32  INFO notizieportale.dao.NewsDaoTest:70 - Person email unique_email_test
2015-05-31 23:45:07  INFO annotations.common.Version:66 - HCANN000001: Hibernate Commons Annotations {4.0.5.Final}
2015-05-31 23:45:07  INFO org.hibernate.Version:54 - HHH000412: Hibernate Core {4.3.9.Final}
2015-05-31 23:45:07  INFO hibernate.cfg.Environment:239 - HHH000206: hibernate.properties not found
2015-05-31 23:45:07  INFO hibernate.cfg.Environment:346 - HHH000021: Bytecode provider name : javassist
2015-05-31 23:45:07  INFO hibernate.cfg.Configuration:2075 - HHH000043: Configuring from resource: /hibernate.cfg.xml
2015-05-31 23:45:07  INFO hibernate.cfg.Configuration:2094 - HHH000040: Configuration resource: /hibernate.cfg.xml
2015-05-31 23:45:07  WARN util.xml.DTDEntityResolver:75 - HHH000223: Recognized obsolete hibernate namespace http://hibernate.sourceforge.net/. Use namespace http://www.hibernate.org/dtd/ instead. Refer to Hibernate 3.6 Migration Guide!
2015-05-31 23:45:07  INFO hibernate.cfg.Configuration:2216 - HHH000041: Configured SessionFactory: null
2015-05-31 23:45:07  WARN connections.internal.DriverManagerConnectionProviderImpl:93 - HHH000402: Using Hibernate built-in connection pool (not for production use!)
2015-05-31 23:45:07  INFO connections.internal.DriverManagerConnectionProviderImpl:166 - HHH000401: using driver [com.mysql.jdbc.Driver] at URL [jdbc:mysql://localhost:3306/mysitetest]
2015-05-31 23:45:07  INFO connections.internal.DriverManagerConnectionProviderImpl:175 - HHH000046: Connection properties: {user=root, password=****}
2015-05-31 23:45:07  INFO connections.internal.DriverManagerConnectionProviderImpl:180 - HHH000006: Autocommit mode: false
2015-05-31 23:45:07  INFO connections.internal.DriverManagerConnectionProviderImpl:102 - HHH000115: Hibernate connection pool size: 20 (min=1)
2015-05-31 23:45:08  INFO hibernate.dialect.Dialect:145 - HHH000400: Using dialect: org.hibernate.dialect.MySQLDialect
2015-05-31 23:45:08  INFO transaction.internal.TransactionFactoryInitiator:62 - HHH000399: Using default transaction strategy (direct JDBC transactions)
2015-05-31 23:45:08  INFO internal.ast.ASTQueryTranslatorFactory:47 - HHH000397: Using ASTQueryTranslatorFactory
2015-05-31 23:45:08  INFO tool.hbm2ddl.SchemaExport:344 - HHH000227: Running hbm2ddl schema export
2015-05-31 23:45:08  INFO tool.hbm2ddl.SchemaExport:406 - HHH000230: Schema export complete
2015-05-31 23:45:08  INFO notizieportale.dao.CommentaryDaoTest:96 - 
ID AFTER SAVE class by.leonovich.notizieportale.domain.News IS 1

2015-05-31 23:45:08  INFO notizieportale.dao.CommentaryDaoTest:112 - News object, what we get from database Test_Page_ID - test_title
2015-05-31 23:45:08  INFO notizieportale.dao.CommentaryDaoTest:120 - News object, what we get from database Test_Page_ID - test_title
2015-05-31 23:45:08  INFO notizieportale.dao.CommentaryDaoTest:131 - Saved object 5 - unique_page_id_for_update_method - test_title
2015-05-31 23:45:08  INFO notizieportale.dao.CommentaryDaoTest:132 - Updated object 5 - unique_page_id_for_update_method - test_title
2015-05-31 23:45:09  INFO notizieportale.dao.CategoryDaoTest:58 - Saved category VasiaLOh
2015-05-31 23:45:09  INFO notizieportale.dao.CategoryDaoTest:61 - Names of categories: category-actual-VasiaLOh, category-expected-VasiaLOh
2015-05-31 23:45:09  INFO notizieportale.dao.NewsDaoTest:79 - Saved news 10
2015-05-31 23:45:09  INFO notizieportale.dao.NewsDaoTest:82 - List of news by personId 1
2015-05-31 23:45:09  INFO notizieportale.dao.NewsDaoTest:90 - Saved news 11
2015-05-31 23:45:09  INFO notizieportale.dao.NewsDaoTest:93 - List of news by categoryId 1
2015-05-31 23:45:09  INFO notizieportale.dao.NewsDaoTest:101 - Saved news 12
2015-05-31 23:45:09  INFO notizieportale.dao.NewsDaoTest:104 - List of news by DATE 0, DATE in database Sun May 31 23:45:08 MSK 2015, DATE? what we get from database 2015-05-31
2015-05-31 23:45:09  INFO notizieportale.dao.NewsDaoTest:114 - Saved news 13
2015-05-31 23:45:09  INFO notizieportale.dao.NewsDaoTest:116 - News serched by pageId 13
2015-05-31 23:45:09  INFO notizieportale.dao.NewsDaoTest:68 - Saved Person  14
2015-05-31 23:45:09  INFO notizieportale.dao.NewsDaoTest:70 - Person email unique_email_test
2015-05-31 23:46:37  INFO annotations.common.Version:66 - HCANN000001: Hibernate Commons Annotations {4.0.5.Final}
2015-05-31 23:46:37  INFO org.hibernate.Version:54 - HHH000412: Hibernate Core {4.3.9.Final}
2015-05-31 23:46:37  INFO hibernate.cfg.Environment:239 - HHH000206: hibernate.properties not found
2015-05-31 23:46:37  INFO hibernate.cfg.Environment:346 - HHH000021: Bytecode provider name : javassist
2015-05-31 23:46:37  INFO hibernate.cfg.Configuration:2075 - HHH000043: Configuring from resource: /hibernate.cfg.xml
2015-05-31 23:46:37  INFO hibernate.cfg.Configuration:2094 - HHH000040: Configuration resource: /hibernate.cfg.xml
2015-05-31 23:46:37  WARN util.xml.DTDEntityResolver:75 - HHH000223: Recognized obsolete hibernate namespace http://hibernate.sourceforge.net/. Use namespace http://www.hibernate.org/dtd/ instead. Refer to Hibernate 3.6 Migration Guide!
2015-05-31 23:46:37  INFO hibernate.cfg.Configuration:2216 - HHH000041: Configured SessionFactory: null
2015-05-31 23:46:37  WARN connections.internal.DriverManagerConnectionProviderImpl:93 - HHH000402: Using Hibernate built-in connection pool (not for production use!)
2015-05-31 23:46:37  INFO connections.internal.DriverManagerConnectionProviderImpl:166 - HHH000401: using driver [com.mysql.jdbc.Driver] at URL [jdbc:mysql://localhost:3306/mysitetest]
2015-05-31 23:46:37  INFO connections.internal.DriverManagerConnectionProviderImpl:175 - HHH000046: Connection properties: {user=root, password=****}
2015-05-31 23:46:37  INFO connections.internal.DriverManagerConnectionProviderImpl:180 - HHH000006: Autocommit mode: false
2015-05-31 23:46:37  INFO connections.internal.DriverManagerConnectionProviderImpl:102 - HHH000115: Hibernate connection pool size: 20 (min=1)
2015-05-31 23:46:37  INFO hibernate.dialect.Dialect:145 - HHH000400: Using dialect: org.hibernate.dialect.MySQLDialect
2015-05-31 23:46:38  INFO transaction.internal.TransactionFactoryInitiator:62 - HHH000399: Using default transaction strategy (direct JDBC transactions)
2015-05-31 23:46:38  INFO internal.ast.ASTQueryTranslatorFactory:47 - HHH000397: Using ASTQueryTranslatorFactory
2015-05-31 23:46:38  INFO tool.hbm2ddl.SchemaExport:344 - HHH000227: Running hbm2ddl schema export
2015-05-31 23:46:38  INFO tool.hbm2ddl.SchemaExport:406 - HHH000230: Schema export complete
2015-05-31 23:46:38  INFO notizieportale.dao.CommentaryDaoTest:96 - 
ID AFTER SAVE class by.leonovich.notizieportale.domain.News IS 1

2015-05-31 23:46:38  INFO notizieportale.dao.CommentaryDaoTest:112 - News object, what we get from database Test_Page_ID - test_title
2015-05-31 23:46:38  INFO notizieportale.dao.CommentaryDaoTest:120 - News object, what we get from database Test_Page_ID - test_title
2015-05-31 23:46:38  INFO notizieportale.dao.CommentaryDaoTest:131 - Saved object 5 - unique_page_id_for_update_method - test_title
2015-05-31 23:46:38  INFO notizieportale.dao.CommentaryDaoTest:132 - Updated object 5 - unique_page_id_for_update_method - test_title
2015-05-31 23:46:38  INFO notizieportale.dao.CategoryDaoTest:58 - Saved category VasiaLOh
2015-05-31 23:46:38  INFO notizieportale.dao.CategoryDaoTest:61 - Names of categories: category-actual-VasiaLOh, category-expected-VasiaLOh
2015-05-31 23:46:38  INFO notizieportale.dao.NewsDaoTest:90 - Saved news 10
2015-05-31 23:46:38  INFO notizieportale.dao.NewsDaoTest:93 - List of news by categoryId 1
2015-05-31 23:46:38  INFO notizieportale.dao.NewsDaoTest:79 - Saved news 11
2015-05-31 23:46:38  INFO notizieportale.dao.NewsDaoTest:82 - List of news by personId 1
2015-05-31 23:46:38  INFO notizieportale.dao.NewsDaoTest:101 - Saved news 12
2015-05-31 23:46:38  INFO notizieportale.dao.NewsDaoTest:104 - List of news by DATE 0, DATE in database Sun May 31 23:46:38 MSK 2015, DATE? what we get from database 2015-05-31
2015-05-31 23:46:38  INFO notizieportale.dao.NewsDaoTest:114 - Saved news 13
2015-05-31 23:46:38  INFO notizieportale.dao.NewsDaoTest:116 - News serched by pageId 13
2015-05-31 23:46:38  INFO notizieportale.dao.NewsDaoTest:68 - Saved Person  14
2015-05-31 23:46:38  INFO notizieportale.dao.NewsDaoTest:70 - Person email unique_email_test
2015-05-31 23:47:33  INFO annotations.common.Version:66 - HCANN000001: Hibernate Commons Annotations {4.0.5.Final}
2015-05-31 23:47:33  INFO org.hibernate.Version:54 - HHH000412: Hibernate Core {4.3.9.Final}
2015-05-31 23:47:33  INFO hibernate.cfg.Environment:239 - HHH000206: hibernate.properties not found
2015-05-31 23:47:33  INFO hibernate.cfg.Environment:346 - HHH000021: Bytecode provider name : javassist
2015-05-31 23:47:33  INFO hibernate.cfg.Configuration:2075 - HHH000043: Configuring from resource: /hibernate.cfg.xml
2015-05-31 23:47:33  INFO hibernate.cfg.Configuration:2094 - HHH000040: Configuration resource: /hibernate.cfg.xml
2015-05-31 23:47:33  WARN util.xml.DTDEntityResolver:75 - HHH000223: Recognized obsolete hibernate namespace http://hibernate.sourceforge.net/. Use namespace http://www.hibernate.org/dtd/ instead. Refer to Hibernate 3.6 Migration Guide!
2015-05-31 23:47:33  INFO hibernate.cfg.Configuration:2216 - HHH000041: Configured SessionFactory: null
2015-05-31 23:47:33  WARN connections.internal.DriverManagerConnectionProviderImpl:93 - HHH000402: Using Hibernate built-in connection pool (not for production use!)
2015-05-31 23:47:33  INFO connections.internal.DriverManagerConnectionProviderImpl:166 - HHH000401: using driver [com.mysql.jdbc.Driver] at URL [jdbc:mysql://localhost:3306/mysitetest]
2015-05-31 23:47:33  INFO connections.internal.DriverManagerConnectionProviderImpl:175 - HHH000046: Connection properties: {user=root, password=****}
2015-05-31 23:47:33  INFO connections.internal.DriverManagerConnectionProviderImpl:180 - HHH000006: Autocommit mode: false
2015-05-31 23:47:33  INFO connections.internal.DriverManagerConnectionProviderImpl:102 - HHH000115: Hibernate connection pool size: 20 (min=1)
2015-05-31 23:47:33  INFO hibernate.dialect.Dialect:145 - HHH000400: Using dialect: org.hibernate.dialect.MySQLDialect
2015-05-31 23:47:33  INFO transaction.internal.TransactionFactoryInitiator:62 - HHH000399: Using default transaction strategy (direct JDBC transactions)
2015-05-31 23:47:33  INFO internal.ast.ASTQueryTranslatorFactory:47 - HHH000397: Using ASTQueryTranslatorFactory
2015-05-31 23:47:33  INFO tool.hbm2ddl.SchemaExport:344 - HHH000227: Running hbm2ddl schema export
2015-05-31 23:47:33  INFO tool.hbm2ddl.SchemaExport:406 - HHH000230: Schema export complete
2015-05-31 23:47:33  INFO notizieportale.dao.CommentaryDaoTest:96 - 
ID AFTER SAVE class by.leonovich.notizieportale.domain.News IS 1

2015-05-31 23:47:33  INFO notizieportale.dao.CommentaryDaoTest:112 - News object, what we get from database Test_Page_ID - test_title
2015-05-31 23:47:34  INFO notizieportale.dao.CommentaryDaoTest:120 - News object, what we get from database Test_Page_ID - test_title
2015-05-31 23:47:34  INFO notizieportale.dao.CommentaryDaoTest:131 - Saved object 5 - unique_page_id_for_update_method - test_title
2015-05-31 23:47:34  INFO notizieportale.dao.CommentaryDaoTest:132 - Updated object 5 - unique_page_id_for_update_method - test_title
2015-05-31 23:47:34  INFO notizieportale.dao.CategoryDaoTest:58 - Saved category VasiaLOh
2015-05-31 23:47:34  INFO notizieportale.dao.CategoryDaoTest:61 - Names of categories: category-actual-VasiaLOh, category-expected-VasiaLOh
2015-05-31 23:47:34  INFO notizieportale.dao.NewsDaoTest:79 - Saved news 10
2015-05-31 23:47:34  INFO notizieportale.dao.NewsDaoTest:82 - List of news by personId 1
2015-05-31 23:47:34  INFO notizieportale.dao.NewsDaoTest:90 - Saved news 11
2015-05-31 23:47:34  INFO notizieportale.dao.NewsDaoTest:93 - List of news by categoryId 1
2015-05-31 23:47:34  INFO notizieportale.dao.NewsDaoTest:101 - Saved news 12
2015-05-31 23:47:34  INFO notizieportale.dao.NewsDaoTest:104 - List of news by DATE 0, DATE in database Sun May 31 23:47:33 MSK 2015, DATE? what we get from database 2015-05-31
2015-05-31 23:47:34  INFO notizieportale.dao.NewsDaoTest:114 - Saved news 13
2015-05-31 23:47:34  INFO notizieportale.dao.NewsDaoTest:116 - News serched by pageId 13
2015-05-31 23:47:34  INFO notizieportale.dao.NewsDaoTest:68 - Saved Person  14
2015-05-31 23:47:34  INFO notizieportale.dao.NewsDaoTest:70 - Person email unique_email_test
2015-05-31 23:49:42  INFO annotations.common.Version:66 - HCANN000001: Hibernate Commons Annotations {4.0.5.Final}
2015-05-31 23:49:42  INFO org.hibernate.Version:54 - HHH000412: Hibernate Core {4.3.9.Final}
2015-05-31 23:49:42  INFO hibernate.cfg.Environment:239 - HHH000206: hibernate.properties not found
2015-05-31 23:49:42  INFO hibernate.cfg.Environment:346 - HHH000021: Bytecode provider name : javassist
2015-05-31 23:49:42  INFO hibernate.cfg.Configuration:2075 - HHH000043: Configuring from resource: /hibernate.cfg.xml
2015-05-31 23:49:42  INFO hibernate.cfg.Configuration:2094 - HHH000040: Configuration resource: /hibernate.cfg.xml
2015-05-31 23:49:42  WARN util.xml.DTDEntityResolver:75 - HHH000223: Recognized obsolete hibernate namespace http://hibernate.sourceforge.net/. Use namespace http://www.hibernate.org/dtd/ instead. Refer to Hibernate 3.6 Migration Guide!
2015-05-31 23:49:42  INFO hibernate.cfg.Configuration:2216 - HHH000041: Configured SessionFactory: null
2015-05-31 23:49:42  WARN connections.internal.DriverManagerConnectionProviderImpl:93 - HHH000402: Using Hibernate built-in connection pool (not for production use!)
2015-05-31 23:49:42  INFO connections.internal.DriverManagerConnectionProviderImpl:166 - HHH000401: using driver [com.mysql.jdbc.Driver] at URL [jdbc:mysql://localhost:3306/mysitetest]
2015-05-31 23:49:42  INFO connections.internal.DriverManagerConnectionProviderImpl:175 - HHH000046: Connection properties: {user=root, password=****}
2015-05-31 23:49:42  INFO connections.internal.DriverManagerConnectionProviderImpl:180 - HHH000006: Autocommit mode: false
2015-05-31 23:49:42  INFO connections.internal.DriverManagerConnectionProviderImpl:102 - HHH000115: Hibernate connection pool size: 20 (min=1)
2015-05-31 23:49:43  INFO hibernate.dialect.Dialect:145 - HHH000400: Using dialect: org.hibernate.dialect.MySQLDialect
2015-05-31 23:49:43  INFO transaction.internal.TransactionFactoryInitiator:62 - HHH000399: Using default transaction strategy (direct JDBC transactions)
2015-05-31 23:49:43  INFO internal.ast.ASTQueryTranslatorFactory:47 - HHH000397: Using ASTQueryTranslatorFactory
2015-05-31 23:49:43  INFO tool.hbm2ddl.SchemaExport:344 - HHH000227: Running hbm2ddl schema export
2015-05-31 23:49:43  INFO tool.hbm2ddl.SchemaExport:406 - HHH000230: Schema export complete
2015-05-31 23:49:43  INFO notizieportale.dao.CommentaryDaoTest:96 - 
ID AFTER SAVE class by.leonovich.notizieportale.domain.News IS 1

2015-05-31 23:49:43  INFO notizieportale.dao.CommentaryDaoTest:112 - News object, what we get from database Test_Page_ID - test_title
2015-05-31 23:49:43  INFO notizieportale.dao.CommentaryDaoTest:120 - News object, what we get from database Test_Page_ID - test_title
2015-05-31 23:49:43  INFO notizieportale.dao.CommentaryDaoTest:131 - Saved object 5 - unique_page_id_for_update_method - test_title
2015-05-31 23:49:43  INFO notizieportale.dao.CommentaryDaoTest:132 - Updated object 5 - unique_page_id_for_update_method - test_title
2015-05-31 23:49:43  INFO notizieportale.dao.CategoryDaoTest:58 - Saved category VasiaLOh
2015-05-31 23:49:43  INFO notizieportale.dao.CategoryDaoTest:61 - Names of categories: category-actual-VasiaLOh, category-expected-VasiaLOh
2015-05-31 23:49:43  INFO notizieportale.dao.NewsDaoTest:79 - Saved news 10
2015-05-31 23:49:43  INFO notizieportale.dao.NewsDaoTest:82 - List of news by personId 1
2015-05-31 23:49:43  INFO notizieportale.dao.NewsDaoTest:90 - Saved news 11
2015-05-31 23:49:43  INFO notizieportale.dao.NewsDaoTest:93 - List of news by categoryId 1
2015-05-31 23:49:43  INFO notizieportale.dao.NewsDaoTest:101 - Saved news 12
2015-05-31 23:49:43  INFO notizieportale.dao.NewsDaoTest:104 - List of news by DATE 0, DATE in database Sun May 31 23:49:43 MSK 2015, DATE? what we get from database 2015-05-31
2015-05-31 23:49:43  INFO notizieportale.dao.NewsDaoTest:114 - Saved news 13
2015-05-31 23:49:43  INFO notizieportale.dao.NewsDaoTest:116 - News serched by pageId 13
2015-05-31 23:49:43  INFO notizieportale.dao.NewsDaoTest:68 - Saved Person  14
2015-05-31 23:49:43  INFO notizieportale.dao.NewsDaoTest:70 - Person email unique_email_test
2015-05-31 23:50:01  INFO annotations.common.Version:66 - HCANN000001: Hibernate Commons Annotations {4.0.5.Final}
2015-05-31 23:50:01  INFO org.hibernate.Version:54 - HHH000412: Hibernate Core {4.3.9.Final}
2015-05-31 23:50:01  INFO hibernate.cfg.Environment:239 - HHH000206: hibernate.properties not found
2015-05-31 23:50:01  INFO hibernate.cfg.Environment:346 - HHH000021: Bytecode provider name : javassist
2015-05-31 23:50:01  INFO hibernate.cfg.Configuration:2075 - HHH000043: Configuring from resource: /hibernate.cfg.xml
2015-05-31 23:50:01  INFO hibernate.cfg.Configuration:2094 - HHH000040: Configuration resource: /hibernate.cfg.xml
2015-05-31 23:50:01  WARN util.xml.DTDEntityResolver:75 - HHH000223: Recognized obsolete hibernate namespace http://hibernate.sourceforge.net/. Use namespace http://www.hibernate.org/dtd/ instead. Refer to Hibernate 3.6 Migration Guide!
2015-05-31 23:50:01  INFO hibernate.cfg.Configuration:2216 - HHH000041: Configured SessionFactory: null
2015-05-31 23:50:01  WARN connections.internal.DriverManagerConnectionProviderImpl:93 - HHH000402: Using Hibernate built-in connection pool (not for production use!)
2015-05-31 23:50:01  INFO connections.internal.DriverManagerConnectionProviderImpl:166 - HHH000401: using driver [com.mysql.jdbc.Driver] at URL [jdbc:mysql://localhost:3306/mysitetest]
2015-05-31 23:50:01  INFO connections.internal.DriverManagerConnectionProviderImpl:175 - HHH000046: Connection properties: {user=root, password=****}
2015-05-31 23:50:01  INFO connections.internal.DriverManagerConnectionProviderImpl:180 - HHH000006: Autocommit mode: false
2015-05-31 23:50:01  INFO connections.internal.DriverManagerConnectionProviderImpl:102 - HHH000115: Hibernate connection pool size: 20 (min=1)
2015-05-31 23:50:01  INFO hibernate.dialect.Dialect:145 - HHH000400: Using dialect: org.hibernate.dialect.MySQLDialect
2015-05-31 23:50:01  INFO transaction.internal.TransactionFactoryInitiator:62 - HHH000399: Using default transaction strategy (direct JDBC transactions)
2015-05-31 23:50:01  INFO internal.ast.ASTQueryTranslatorFactory:47 - HHH000397: Using ASTQueryTranslatorFactory
2015-05-31 23:50:02  INFO tool.hbm2ddl.SchemaExport:344 - HHH000227: Running hbm2ddl schema export
2015-05-31 23:50:02  INFO tool.hbm2ddl.SchemaExport:406 - HHH000230: Schema export complete
2015-05-31 23:50:02  INFO notizieportale.dao.CommentaryDaoTest:96 - 
ID AFTER SAVE class by.leonovich.notizieportale.domain.News IS 1

2015-05-31 23:50:02  INFO notizieportale.dao.CommentaryDaoTest:112 - News object, what we get from database Test_Page_ID - test_title
2015-05-31 23:50:02  INFO notizieportale.dao.CommentaryDaoTest:120 - News object, what we get from database Test_Page_ID - test_title
2015-05-31 23:50:02  INFO notizieportale.dao.CommentaryDaoTest:131 - Saved object 5 - unique_page_id_for_update_method - test_title
2015-05-31 23:50:02  INFO notizieportale.dao.CommentaryDaoTest:132 - Updated object 5 - unique_page_id_for_update_method - test_title
2015-05-31 23:50:02  INFO notizieportale.dao.CategoryDaoTest:58 - Saved category VasiaLOh
2015-05-31 23:50:02  INFO notizieportale.dao.CategoryDaoTest:61 - Names of categories: category-actual-VasiaLOh, category-expected-VasiaLOh
2015-05-31 23:50:02  INFO notizieportale.dao.NewsDaoTest:90 - Saved news 10
2015-05-31 23:50:02  INFO notizieportale.dao.NewsDaoTest:93 - List of news by categoryId 1
2015-05-31 23:50:02  INFO notizieportale.dao.NewsDaoTest:79 - Saved news 11
2015-05-31 23:50:02  INFO notizieportale.dao.NewsDaoTest:82 - List of news by personId 1
2015-05-31 23:50:02  INFO notizieportale.dao.NewsDaoTest:101 - Saved news 12
2015-05-31 23:50:02  INFO notizieportale.dao.NewsDaoTest:104 - List of news by DATE 0, DATE in database Sun May 31 23:50:02 MSK 2015, DATE? what we get from database 2015-05-31
2015-05-31 23:50:02  INFO notizieportale.dao.NewsDaoTest:114 - Saved news 13
2015-05-31 23:50:02  INFO notizieportale.dao.NewsDaoTest:116 - News serched by pageId 13
2015-05-31 23:50:02  INFO notizieportale.dao.NewsDaoTest:68 - Saved Person  14
2015-05-31 23:50:02  INFO notizieportale.dao.NewsDaoTest:70 - Person email unique_email_test
